<?xml version="1.0" encoding="UTF-8"?>
<!-- Generated by org.testng.reporters.JUnitReportReporter -->
<testsuite hostname="Abhishek" failures="0" tests="1" name="com.actitime.testscripts.CustomerModule" time="0.028" errors="0" timestamp="2024-07-31T18:20:45 AST" skipped="0">
  <testcase classname="com.actitime.testscripts.CustomerModule" name="createCustomer" time="0.028">
    <system-out>
      <![CDATA[createCustomer]]>
    </system-out>
  </testcase> <!-- createCustomer -->
  <system-out>
    <![CDATA[createCustomer]]>
  </system-out>
</testsuite> <!-- com.actitime.testscripts.CustomerModule -->
